<?xml version="1.0" encoding="UTF-8"?>
<testng-results skipped="0" failed="0" ignored="0" total="1" passed="1">
  <reporter-output>
  </reporter-output>
  <suite name="Default suite" duration-ms="90" started-at="2018-12-25T07:47:26Z" finished-at="2018-12-25T07:47:26Z">
    <groups>
    </groups>
    <test name="Default test" duration-ms="90" started-at="2018-12-25T07:47:26Z" finished-at="2018-12-25T07:47:26Z">
      <class name="sample.NewTest1">
        <test-method status="PASS" signature="f()[pri:0, instance:sample.NewTest1@100fc185]" name="f" duration-ms="25" started-at="2018-12-25T07:47:26Z" finished-at="2018-12-25T07:47:26Z">
          <reporter-output>
          </reporter-output>
        </test-method> <!-- f -->
      </class> <!-- sample.NewTest1 -->
    </test> <!-- Default test -->
  </suite> <!-- Default suite -->
</testng-results>
